<?xml version="1.0" encoding="UTF-8"?>
<testsuite xmlns:xsi="http://www.w3.org/2001/XMLSchema-instance" xsi:noNamespaceSchemaLocation="https://maven.apache.org/surefire/maven-surefire-plugin/xsd/surefire-test-report.xsd" name="com.yupi.usercenter.UserCenterApplicationTests" time="3.881" tests="2" errors="0" skipped="0" failures="0">
  <properties>
    <property name="socksProxyHost" value="127.0.0.1"/>
    <property name="http.proxyHost" value="127.0.0.1"/>
    <property name="java.specification.version" value="17"/>
    <property name="sun.jnu.encoding" value="UTF-8"/>
    <property name="java.class.path" value="/Users/dylan/Documents/IdeaProjects/user-center-backend/target/test-classes:/Users/dylan/Documents/IdeaProjects/user-center-backend/target/classes:/Users/dylan/Documents/mavenjar/org/springframework/boot/spring-boot-starter-web/2.6.4/spring-boot-starter-web-2.6.4.jar:/Users/dylan/Documents/mavenjar/org/springframework/boot/spring-boot-starter/2.6.4/spring-boot-starter-2.6.4.jar:/Users/dylan/Documents/mavenjar/org/springframework/boot/spring-boot-starter-logging/2.6.4/spring-boot-starter-logging-2.6.4.jar:/Users/dylan/Documents/mavenjar/ch/qos/logback/logback-classic/1.2.10/logback-classic-1.2.10.jar:/Users/dylan/Documents/mavenjar/ch/qos/logback/logback-core/1.2.10/logback-core-1.2.10.jar:/Users/dylan/Documents/mavenjar/org/apache/logging/log4j/log4j-to-slf4j/2.17.1/log4j-to-slf4j-2.17.1.jar:/Users/dylan/Documents/mavenjar/org/apache/logging/log4j/log4j-api/2.17.1/log4j-api-2.17.1.jar:/Users/dylan/Documents/mavenjar/org/slf4j/jul-to-slf4j/1.7.36/jul-to-slf4j-1.7.36.jar:/Users/dylan/Documents/mavenjar/jakarta/annotation/jakarta.annotation-api/1.3.5/jakarta.annotation-api-1.3.5.jar:/Users/dylan/Documents/mavenjar/org/yaml/snakeyaml/1.29/snakeyaml-1.29.jar:/Users/dylan/Documents/mavenjar/org/springframework/boot/spring-boot-starter-json/2.6.4/spring-boot-starter-json-2.6.4.jar:/Users/dylan/Documents/mavenjar/com/fasterxml/jackson/core/jackson-databind/2.13.1/jackson-databind-2.13.1.jar:/Users/dylan/Documents/mavenjar/com/fasterxml/jackson/core/jackson-annotations/2.13.1/jackson-annotations-2.13.1.jar:/Users/dylan/Documents/mavenjar/com/fasterxml/jackson/core/jackson-core/2.13.1/jackson-core-2.13.1.jar:/Users/dylan/Documents/mavenjar/com/fasterxml/jackson/datatype/jackson-datatype-jdk8/2.13.1/jackson-datatype-jdk8-2.13.1.jar:/Users/dylan/Documents/mavenjar/com/fasterxml/jackson/datatype/jackson-datatype-jsr310/2.13.1/jackson-datatype-jsr310-2.13.1.jar:/Users/dylan/Documents/mavenjar/com/fasterxml/jackson/module/jackson-module-parameter-names/2.13.1/jackson-module-parameter-names-2.13.1.jar:/Users/dylan/Documents/mavenjar/org/springframework/boot/spring-boot-starter-tomcat/2.6.4/spring-boot-starter-tomcat-2.6.4.jar:/Users/dylan/Documents/mavenjar/org/apache/tomcat/embed/tomcat-embed-core/9.0.58/tomcat-embed-core-9.0.58.jar:/Users/dylan/Documents/mavenjar/org/apache/tomcat/embed/tomcat-embed-el/9.0.58/tomcat-embed-el-9.0.58.jar:/Users/dylan/Documents/mavenjar/org/apache/tomcat/embed/tomcat-embed-websocket/9.0.58/tomcat-embed-websocket-9.0.58.jar:/Users/dylan/Documents/mavenjar/org/springframework/spring-web/5.3.16/spring-web-5.3.16.jar:/Users/dylan/Documents/mavenjar/org/springframework/spring-beans/5.3.16/spring-beans-5.3.16.jar:/Users/dylan/Documents/mavenjar/org/springframework/spring-webmvc/5.3.16/spring-webmvc-5.3.16.jar:/Users/dylan/Documents/mavenjar/org/springframework/spring-aop/5.3.16/spring-aop-5.3.16.jar:/Users/dylan/Documents/mavenjar/org/springframework/spring-context/5.3.16/spring-context-5.3.16.jar:/Users/dylan/Documents/mavenjar/org/springframework/spring-expression/5.3.16/spring-expression-5.3.16.jar:/Users/dylan/Documents/mavenjar/org/mybatis/spring/boot/mybatis-spring-boot-starter/2.2.2/mybatis-spring-boot-starter-2.2.2.jar:/Users/dylan/Documents/mavenjar/org/springframework/boot/spring-boot-starter-jdbc/2.6.4/spring-boot-starter-jdbc-2.6.4.jar:/Users/dylan/Documents/mavenjar/com/zaxxer/HikariCP/4.0.3/HikariCP-4.0.3.jar:/Users/dylan/Documents/mavenjar/org/springframework/spring-jdbc/5.3.16/spring-jdbc-5.3.16.jar:/Users/dylan/Documents/mavenjar/org/springframework/spring-tx/5.3.16/spring-tx-5.3.16.jar:/Users/dylan/Documents/mavenjar/org/mybatis/spring/boot/mybatis-spring-boot-autoconfigure/2.2.2/mybatis-spring-boot-autoconfigure-2.2.2.jar:/Users/dylan/Documents/mavenjar/org/mybatis/mybatis/3.5.9/mybatis-3.5.9.jar:/Users/dylan/Documents/mavenjar/org/mybatis/mybatis-spring/2.0.7/mybatis-spring-2.0.7.jar:/Users/dylan/Documents/mavenjar/com/baomidou/mybatis-plus-boot-starter/3.5.1/mybatis-plus-boot-starter-3.5.1.jar:/Users/dylan/Documents/mavenjar/com/baomidou/mybatis-plus/3.5.1/mybatis-plus-3.5.1.jar:/Users/dylan/Documents/mavenjar/com/baomidou/mybatis-plus-extension/3.5.1/mybatis-plus-extension-3.5.1.jar:/Users/dylan/Documents/mavenjar/com/baomidou/mybatis-plus-core/3.5.1/mybatis-plus-core-3.5.1.jar:/Users/dylan/Documents/mavenjar/com/baomidou/mybatis-plus-annotation/3.5.1/mybatis-plus-annotation-3.5.1.jar:/Users/dylan/Documents/mavenjar/com/github/jsqlparser/jsqlparser/4.3/jsqlparser-4.3.jar:/Users/dylan/Documents/mavenjar/org/springframework/boot/spring-boot-autoconfigure/2.6.4/spring-boot-autoconfigure-2.6.4.jar:/Users/dylan/Documents/mavenjar/org/apache/commons/commons-lang3/3.12.0/commons-lang3-3.12.0.jar:/Users/dylan/Documents/mavenjar/org/springframework/boot/spring-boot-devtools/2.6.4/spring-boot-devtools-2.6.4.jar:/Users/dylan/Documents/mavenjar/org/springframework/boot/spring-boot/2.6.4/spring-boot-2.6.4.jar:/Users/dylan/Documents/mavenjar/mysql/mysql-connector-java/8.0.28/mysql-connector-java-8.0.28.jar:/Users/dylan/Documents/mavenjar/org/springframework/boot/spring-boot-configuration-processor/2.6.4/spring-boot-configuration-processor-2.6.4.jar:/Users/dylan/Documents/mavenjar/org/projectlombok/lombok/1.18.22/lombok-1.18.22.jar:/Users/dylan/Documents/mavenjar/org/springframework/boot/spring-boot-starter-test/2.6.4/spring-boot-starter-test-2.6.4.jar:/Users/dylan/Documents/mavenjar/org/springframework/boot/spring-boot-test/2.6.4/spring-boot-test-2.6.4.jar:/Users/dylan/Documents/mavenjar/org/springframework/boot/spring-boot-test-autoconfigure/2.6.4/spring-boot-test-autoconfigure-2.6.4.jar:/Users/dylan/Documents/mavenjar/com/jayway/jsonpath/json-path/2.6.0/json-path-2.6.0.jar:/Users/dylan/Documents/mavenjar/net/minidev/json-smart/2.4.8/json-smart-2.4.8.jar:/Users/dylan/Documents/mavenjar/net/minidev/accessors-smart/2.4.8/accessors-smart-2.4.8.jar:/Users/dylan/Documents/mavenjar/org/ow2/asm/asm/9.1/asm-9.1.jar:/Users/dylan/Documents/mavenjar/org/slf4j/slf4j-api/1.7.36/slf4j-api-1.7.36.jar:/Users/dylan/Documents/mavenjar/jakarta/xml/bind/jakarta.xml.bind-api/2.3.3/jakarta.xml.bind-api-2.3.3.jar:/Users/dylan/Documents/mavenjar/jakarta/activation/jakarta.activation-api/1.2.2/jakarta.activation-api-1.2.2.jar:/Users/dylan/Documents/mavenjar/org/assertj/assertj-core/3.21.0/assertj-core-3.21.0.jar:/Users/dylan/Documents/mavenjar/org/hamcrest/hamcrest/2.2/hamcrest-2.2.jar:/Users/dylan/Documents/mavenjar/org/junit/jupiter/junit-jupiter/5.8.2/junit-jupiter-5.8.2.jar:/Users/dylan/Documents/mavenjar/org/junit/jupiter/junit-jupiter-api/5.8.2/junit-jupiter-api-5.8.2.jar:/Users/dylan/Documents/mavenjar/org/opentest4j/opentest4j/1.2.0/opentest4j-1.2.0.jar:/Users/dylan/Documents/mavenjar/org/junit/platform/junit-platform-commons/1.8.2/junit-platform-commons-1.8.2.jar:/Users/dylan/Documents/mavenjar/org/apiguardian/apiguardian-api/1.1.2/apiguardian-api-1.1.2.jar:/Users/dylan/Documents/mavenjar/org/junit/jupiter/junit-jupiter-params/5.8.2/junit-jupiter-params-5.8.2.jar:/Users/dylan/Documents/mavenjar/org/junit/jupiter/junit-jupiter-engine/5.8.2/junit-jupiter-engine-5.8.2.jar:/Users/dylan/Documents/mavenjar/org/junit/platform/junit-platform-engine/1.8.2/junit-platform-engine-1.8.2.jar:/Users/dylan/Documents/mavenjar/org/mockito/mockito-core/4.0.0/mockito-core-4.0.0.jar:/Users/dylan/Documents/mavenjar/net/bytebuddy/byte-buddy/1.11.22/byte-buddy-1.11.22.jar:/Users/dylan/Documents/mavenjar/net/bytebuddy/byte-buddy-agent/1.11.22/byte-buddy-agent-1.11.22.jar:/Users/dylan/Documents/mavenjar/org/objenesis/objenesis/3.2/objenesis-3.2.jar:/Users/dylan/Documents/mavenjar/org/mockito/mockito-junit-jupiter/4.0.0/mockito-junit-jupiter-4.0.0.jar:/Users/dylan/Documents/mavenjar/org/skyscreamer/jsonassert/1.5.0/jsonassert-1.5.0.jar:/Users/dylan/Documents/mavenjar/com/vaadin/external/google/android-json/0.0.20131108.vaadin1/android-json-0.0.20131108.vaadin1.jar:/Users/dylan/Documents/mavenjar/org/springframework/spring-core/5.3.16/spring-core-5.3.16.jar:/Users/dylan/Documents/mavenjar/org/springframework/spring-jcl/5.3.16/spring-jcl-5.3.16.jar:/Users/dylan/Documents/mavenjar/org/springframework/spring-test/5.3.16/spring-test-5.3.16.jar:/Users/dylan/Documents/mavenjar/org/xmlunit/xmlunit-core/2.8.4/xmlunit-core-2.8.4.jar:/Users/dylan/Documents/mavenjar/junit/junit/4.13.2/junit-4.13.2.jar:/Users/dylan/Documents/mavenjar/org/hamcrest/hamcrest-core/2.2/hamcrest-core-2.2.jar:"/>
    <property name="https.proxyPort" value="7890"/>
    <property name="java.vm.vendor" value="Oracle Corporation"/>
    <property name="sun.arch.data.model" value="64"/>
    <property name="java.vendor.url" value="https://java.oracle.com/"/>
    <property name="os.name" value="Mac OS X"/>
    <property name="java.vm.specification.version" value="17"/>
    <property name="sun.java.launcher" value="SUN_STANDARD"/>
    <property name="user.country" value="CN"/>
    <property name="sun.boot.library.path" value="/Library/Java/JavaVirtualMachines/jdk-17.jdk/Contents/Home/lib"/>
    <property name="sun.java.command" value="/Users/dylan/Documents/IdeaProjects/user-center-backend/target/surefire/surefirebooter17264307966967638356.jar /Users/dylan/Documents/IdeaProjects/user-center-backend/target/surefire 2023-01-22T11-36-56_414-jvmRun1 surefire7514244035710439568tmp surefire_013768910128824595436tmp"/>
    <property name="http.nonProxyHosts" value="192.168.0.0/16|*.192.168.0.0/16|10.0.0.0/8|*.10.0.0.0/8|172.16.0.0/12|*.172.16.0.0/12|127.0.0.1|localhost|*.localhost|local|*.local|timestamp.apple.com|*.timestamp.apple.com"/>
    <property name="jdk.debug" value="release"/>
    <property name="surefire.test.class.path" value="/Users/dylan/Documents/IdeaProjects/user-center-backend/target/test-classes:/Users/dylan/Documents/IdeaProjects/user-center-backend/target/classes:/Users/dylan/Documents/mavenjar/org/springframework/boot/spring-boot-starter-web/2.6.4/spring-boot-starter-web-2.6.4.jar:/Users/dylan/Documents/mavenjar/org/springframework/boot/spring-boot-starter/2.6.4/spring-boot-starter-2.6.4.jar:/Users/dylan/Documents/mavenjar/org/springframework/boot/spring-boot-starter-logging/2.6.4/spring-boot-starter-logging-2.6.4.jar:/Users/dylan/Documents/mavenjar/ch/qos/logback/logback-classic/1.2.10/logback-classic-1.2.10.jar:/Users/dylan/Documents/mavenjar/ch/qos/logback/logback-core/1.2.10/logback-core-1.2.10.jar:/Users/dylan/Documents/mavenjar/org/apache/logging/log4j/log4j-to-slf4j/2.17.1/log4j-to-slf4j-2.17.1.jar:/Users/dylan/Documents/mavenjar/org/apache/logging/log4j/log4j-api/2.17.1/log4j-api-2.17.1.jar:/Users/dylan/Documents/mavenjar/org/slf4j/jul-to-slf4j/1.7.36/jul-to-slf4j-1.7.36.jar:/Users/dylan/Documents/mavenjar/jakarta/annotation/jakarta.annotation-api/1.3.5/jakarta.annotation-api-1.3.5.jar:/Users/dylan/Documents/mavenjar/org/yaml/snakeyaml/1.29/snakeyaml-1.29.jar:/Users/dylan/Documents/mavenjar/org/springframework/boot/spring-boot-starter-json/2.6.4/spring-boot-starter-json-2.6.4.jar:/Users/dylan/Documents/mavenjar/com/fasterxml/jackson/core/jackson-databind/2.13.1/jackson-databind-2.13.1.jar:/Users/dylan/Documents/mavenjar/com/fasterxml/jackson/core/jackson-annotations/2.13.1/jackson-annotations-2.13.1.jar:/Users/dylan/Documents/mavenjar/com/fasterxml/jackson/core/jackson-core/2.13.1/jackson-core-2.13.1.jar:/Users/dylan/Documents/mavenjar/com/fasterxml/jackson/datatype/jackson-datatype-jdk8/2.13.1/jackson-datatype-jdk8-2.13.1.jar:/Users/dylan/Documents/mavenjar/com/fasterxml/jackson/datatype/jackson-datatype-jsr310/2.13.1/jackson-datatype-jsr310-2.13.1.jar:/Users/dylan/Documents/mavenjar/com/fasterxml/jackson/module/jackson-module-parameter-names/2.13.1/jackson-module-parameter-names-2.13.1.jar:/Users/dylan/Documents/mavenjar/org/springframework/boot/spring-boot-starter-tomcat/2.6.4/spring-boot-starter-tomcat-2.6.4.jar:/Users/dylan/Documents/mavenjar/org/apache/tomcat/embed/tomcat-embed-core/9.0.58/tomcat-embed-core-9.0.58.jar:/Users/dylan/Documents/mavenjar/org/apache/tomcat/embed/tomcat-embed-el/9.0.58/tomcat-embed-el-9.0.58.jar:/Users/dylan/Documents/mavenjar/org/apache/tomcat/embed/tomcat-embed-websocket/9.0.58/tomcat-embed-websocket-9.0.58.jar:/Users/dylan/Documents/mavenjar/org/springframework/spring-web/5.3.16/spring-web-5.3.16.jar:/Users/dylan/Documents/mavenjar/org/springframework/spring-beans/5.3.16/spring-beans-5.3.16.jar:/Users/dylan/Documents/mavenjar/org/springframework/spring-webmvc/5.3.16/spring-webmvc-5.3.16.jar:/Users/dylan/Documents/mavenjar/org/springframework/spring-aop/5.3.16/spring-aop-5.3.16.jar:/Users/dylan/Documents/mavenjar/org/springframework/spring-context/5.3.16/spring-context-5.3.16.jar:/Users/dylan/Documents/mavenjar/org/springframework/spring-expression/5.3.16/spring-expression-5.3.16.jar:/Users/dylan/Documents/mavenjar/org/mybatis/spring/boot/mybatis-spring-boot-starter/2.2.2/mybatis-spring-boot-starter-2.2.2.jar:/Users/dylan/Documents/mavenjar/org/springframework/boot/spring-boot-starter-jdbc/2.6.4/spring-boot-starter-jdbc-2.6.4.jar:/Users/dylan/Documents/mavenjar/com/zaxxer/HikariCP/4.0.3/HikariCP-4.0.3.jar:/Users/dylan/Documents/mavenjar/org/springframework/spring-jdbc/5.3.16/spring-jdbc-5.3.16.jar:/Users/dylan/Documents/mavenjar/org/springframework/spring-tx/5.3.16/spring-tx-5.3.16.jar:/Users/dylan/Documents/mavenjar/org/mybatis/spring/boot/mybatis-spring-boot-autoconfigure/2.2.2/mybatis-spring-boot-autoconfigure-2.2.2.jar:/Users/dylan/Documents/mavenjar/org/mybatis/mybatis/3.5.9/mybatis-3.5.9.jar:/Users/dylan/Documents/mavenjar/org/mybatis/mybatis-spring/2.0.7/mybatis-spring-2.0.7.jar:/Users/dylan/Documents/mavenjar/com/baomidou/mybatis-plus-boot-starter/3.5.1/mybatis-plus-boot-starter-3.5.1.jar:/Users/dylan/Documents/mavenjar/com/baomidou/mybatis-plus/3.5.1/mybatis-plus-3.5.1.jar:/Users/dylan/Documents/mavenjar/com/baomidou/mybatis-plus-extension/3.5.1/mybatis-plus-extension-3.5.1.jar:/Users/dylan/Documents/mavenjar/com/baomidou/mybatis-plus-core/3.5.1/mybatis-plus-core-3.5.1.jar:/Users/dylan/Documents/mavenjar/com/baomidou/mybatis-plus-annotation/3.5.1/mybatis-plus-annotation-3.5.1.jar:/Users/dylan/Documents/mavenjar/com/github/jsqlparser/jsqlparser/4.3/jsqlparser-4.3.jar:/Users/dylan/Documents/mavenjar/org/springframework/boot/spring-boot-autoconfigure/2.6.4/spring-boot-autoconfigure-2.6.4.jar:/Users/dylan/Documents/mavenjar/org/apache/commons/commons-lang3/3.12.0/commons-lang3-3.12.0.jar:/Users/dylan/Documents/mavenjar/org/springframework/boot/spring-boot-devtools/2.6.4/spring-boot-devtools-2.6.4.jar:/Users/dylan/Documents/mavenjar/org/springframework/boot/spring-boot/2.6.4/spring-boot-2.6.4.jar:/Users/dylan/Documents/mavenjar/mysql/mysql-connector-java/8.0.28/mysql-connector-java-8.0.28.jar:/Users/dylan/Documents/mavenjar/org/springframework/boot/spring-boot-configuration-processor/2.6.4/spring-boot-configuration-processor-2.6.4.jar:/Users/dylan/Documents/mavenjar/org/projectlombok/lombok/1.18.22/lombok-1.18.22.jar:/Users/dylan/Documents/mavenjar/org/springframework/boot/spring-boot-starter-test/2.6.4/spring-boot-starter-test-2.6.4.jar:/Users/dylan/Documents/mavenjar/org/springframework/boot/spring-boot-test/2.6.4/spring-boot-test-2.6.4.jar:/Users/dylan/Documents/mavenjar/org/springframework/boot/spring-boot-test-autoconfigure/2.6.4/spring-boot-test-autoconfigure-2.6.4.jar:/Users/dylan/Documents/mavenjar/com/jayway/jsonpath/json-path/2.6.0/json-path-2.6.0.jar:/Users/dylan/Documents/mavenjar/net/minidev/json-smart/2.4.8/json-smart-2.4.8.jar:/Users/dylan/Documents/mavenjar/net/minidev/accessors-smart/2.4.8/accessors-smart-2.4.8.jar:/Users/dylan/Documents/mavenjar/org/ow2/asm/asm/9.1/asm-9.1.jar:/Users/dylan/Documents/mavenjar/org/slf4j/slf4j-api/1.7.36/slf4j-api-1.7.36.jar:/Users/dylan/Documents/mavenjar/jakarta/xml/bind/jakarta.xml.bind-api/2.3.3/jakarta.xml.bind-api-2.3.3.jar:/Users/dylan/Documents/mavenjar/jakarta/activation/jakarta.activation-api/1.2.2/jakarta.activation-api-1.2.2.jar:/Users/dylan/Documents/mavenjar/org/assertj/assertj-core/3.21.0/assertj-core-3.21.0.jar:/Users/dylan/Documents/mavenjar/org/hamcrest/hamcrest/2.2/hamcrest-2.2.jar:/Users/dylan/Documents/mavenjar/org/junit/jupiter/junit-jupiter/5.8.2/junit-jupiter-5.8.2.jar:/Users/dylan/Documents/mavenjar/org/junit/jupiter/junit-jupiter-api/5.8.2/junit-jupiter-api-5.8.2.jar:/Users/dylan/Documents/mavenjar/org/opentest4j/opentest4j/1.2.0/opentest4j-1.2.0.jar:/Users/dylan/Documents/mavenjar/org/junit/platform/junit-platform-commons/1.8.2/junit-platform-commons-1.8.2.jar:/Users/dylan/Documents/mavenjar/org/apiguardian/apiguardian-api/1.1.2/apiguardian-api-1.1.2.jar:/Users/dylan/Documents/mavenjar/org/junit/jupiter/junit-jupiter-params/5.8.2/junit-jupiter-params-5.8.2.jar:/Users/dylan/Documents/mavenjar/org/junit/jupiter/junit-jupiter-engine/5.8.2/junit-jupiter-engine-5.8.2.jar:/Users/dylan/Documents/mavenjar/org/junit/platform/junit-platform-engine/1.8.2/junit-platform-engine-1.8.2.jar:/Users/dylan/Documents/mavenjar/org/mockito/mockito-core/4.0.0/mockito-core-4.0.0.jar:/Users/dylan/Documents/mavenjar/net/bytebuddy/byte-buddy/1.11.22/byte-buddy-1.11.22.jar:/Users/dylan/Documents/mavenjar/net/bytebuddy/byte-buddy-agent/1.11.22/byte-buddy-agent-1.11.22.jar:/Users/dylan/Documents/mavenjar/org/objenesis/objenesis/3.2/objenesis-3.2.jar:/Users/dylan/Documents/mavenjar/org/mockito/mockito-junit-jupiter/4.0.0/mockito-junit-jupiter-4.0.0.jar:/Users/dylan/Documents/mavenjar/org/skyscreamer/jsonassert/1.5.0/jsonassert-1.5.0.jar:/Users/dylan/Documents/mavenjar/com/vaadin/external/google/android-json/0.0.20131108.vaadin1/android-json-0.0.20131108.vaadin1.jar:/Users/dylan/Documents/mavenjar/org/springframework/spring-core/5.3.16/spring-core-5.3.16.jar:/Users/dylan/Documents/mavenjar/org/springframework/spring-jcl/5.3.16/spring-jcl-5.3.16.jar:/Users/dylan/Documents/mavenjar/org/springframework/spring-test/5.3.16/spring-test-5.3.16.jar:/Users/dylan/Documents/mavenjar/org/xmlunit/xmlunit-core/2.8.4/xmlunit-core-2.8.4.jar:/Users/dylan/Documents/mavenjar/junit/junit/4.13.2/junit-4.13.2.jar:/Users/dylan/Documents/mavenjar/org/hamcrest/hamcrest-core/2.2/hamcrest-core-2.2.jar:"/>
    <property name="sun.cpu.endian" value="little"/>
    <property name="user.home" value="/Users/dylan"/>
    <property name="user.language" value="zh"/>
    <property name="java.specification.vendor" value="Oracle Corporation"/>
    <property name="java.version.date" value="2023-01-17"/>
    <property name="java.home" value="/Library/Java/JavaVirtualMachines/jdk-17.jdk/Contents/Home"/>
    <property name="file.separator" value="/"/>
    <property name="https.proxyHost" value="127.0.0.1"/>
    <property name="basedir" value="/Users/dylan/Documents/IdeaProjects/user-center-backend"/>
    <property name="java.vm.compressedOopsMode" value="Zero based"/>
    <property name="line.separator" value="&#10;"/>
    <property name="java.vm.specification.vendor" value="Oracle Corporation"/>
    <property name="java.specification.name" value="Java Platform API Specification"/>
    <property name="surefire.real.class.path" value="/Users/dylan/Documents/IdeaProjects/user-center-backend/target/surefire/surefirebooter17264307966967638356.jar"/>
    <property name="user.script" value="Hans"/>
    <property name="sun.management.compiler" value="HotSpot 64-Bit Tiered Compilers"/>
    <property name="ftp.nonProxyHosts" value="192.168.0.0/16|*.192.168.0.0/16|10.0.0.0/8|*.10.0.0.0/8|172.16.0.0/12|*.172.16.0.0/12|127.0.0.1|localhost|*.localhost|local|*.local|timestamp.apple.com|*.timestamp.apple.com"/>
    <property name="java.runtime.version" value="17.0.6+9-LTS-190"/>
    <property name="user.name" value="dylan"/>
    <property name="path.separator" value=":"/>
    <property name="os.version" value="13.1"/>
    <property name="java.runtime.name" value="Java(TM) SE Runtime Environment"/>
    <property name="file.encoding" value="UTF-8"/>
    <property name="java.vm.name" value="Java HotSpot(TM) 64-Bit Server VM"/>
    <property name="localRepository" value="/Users/dylan/Documents/mavenjar"/>
    <property name="java.vendor.url.bug" value="https://bugreport.java.com/bugreport/"/>
    <property name="java.io.tmpdir" value="/var/folders/q8/9yb6fns103532p4n16r1msf40000gn/T/"/>
    <property name="idea.version" value="2021.1.3"/>
    <property name="java.version" value="17.0.6"/>
    <property name="user.dir" value="/Users/dylan/Documents/IdeaProjects/user-center-backend"/>
    <property name="os.arch" value="x86_64"/>
    <property name="socksProxyPort" value="7890"/>
    <property name="java.vm.specification.name" value="Java Virtual Machine Specification"/>
    <property name="native.encoding" value="UTF-8"/>
    <property name="java.library.path" value="/Users/dylan/Library/Java/Extensions:/Library/Java/Extensions:/Network/Library/Java/Extensions:/System/Library/Java/Extensions:/usr/lib/java:."/>
    <property name="java.vm.info" value="mixed mode, sharing"/>
    <property name="java.vendor" value="Oracle Corporation"/>
    <property name="java.vm.version" value="17.0.6+9-LTS-190"/>
    <property name="sun.io.unicode.encoding" value="UnicodeBig"/>
    <property name="maven.repo.local" value="/Users/dylan/Documents/mavenjar"/>
    <property name="socksNonProxyHosts" value="192.168.0.0/16|*.192.168.0.0/16|10.0.0.0/8|*.10.0.0.0/8|172.16.0.0/12|*.172.16.0.0/12|127.0.0.1|localhost|*.localhost|local|*.local|timestamp.apple.com|*.timestamp.apple.com"/>
    <property name="java.class.version" value="61.0"/>
    <property name="http.proxyPort" value="7890"/>
  </properties>
  <testcase name="contextLoads" classname="com.yupi.usercenter.UserCenterApplicationTests" time="0.55"/>
  <testcase name="testDigest" classname="com.yupi.usercenter.UserCenterApplicationTests" time="0.021"/>
</testsuite>